<?xml version="1.0" encoding="UTF-8"?>
<!-- Generated by org.testng.reporters.JUnitXMLReporter -->
<testsuite hostname="MAA-5CG7041Q2D" ignored="0" name="Default test" tests="2" failures="0" timestamp="29 Sep 2019 12:32:42 GMT" time="0.474" errors="0">
  <testcase name="runScenario" time="0.241" classname="cucumber.api.testng.AbstractTestNGCucumberTests">
    <skipped/>
  </testcase> <!-- runScenario -->
  <testcase name="runScenario" time="0.012" classname="cucumber.api.testng.AbstractTestNGCucumberTests">
    <skipped/>
  </testcase> <!-- runScenario -->
</testsuite> <!-- Default test -->
